TN:
SF:src/config.ts
FNF:0
FNH:0
DA:1,1
DA:2,1
DA:3,1
DA:4,1
DA:5,1
DA:6,1
DA:7,1
DA:8,1
DA:9,1
DA:10,1
DA:11,1
DA:12,1
DA:13,1
DA:14,1
DA:15,1
DA:16,1
DA:17,1
DA:18,1
DA:19,1
DA:20,1
DA:21,1
DA:22,1
DA:23,1
DA:24,1
DA:25,1
DA:26,1
LF:26
LH:26
BRF:0
BRH:0
end_of_record
TN:
SF:src/db-sqlite.ts
FN:4,__name
FNF:1
FNH:1
FNDA:605,__name
DA:1,1
DA:2,1
DA:3,1
DA:4,1
DA:5,1
DA:6,1
DA:7,1
DA:8,1
DA:9,1
DA:10,1
DA:11,1
DA:12,1
DA:13,1
DA:14,1
DA:15,1
DA:16,1
DA:17,1
DA:18,1
DA:19,1
DA:20,1
DA:21,1
DA:22,1
DA:23,1
DA:24,1
DA:25,1
DA:26,1
DA:27,1
DA:28,1
DA:29,1
DA:30,1
DA:31,1
DA:32,1
DA:33,1
DA:34,1
DA:35,1
DA:36,1
DA:37,1
DA:38,1
DA:39,1
DA:40,1
DA:41,1
DA:42,1
DA:43,1
DA:44,1
DA:45,1
DA:46,1
DA:47,1
DA:48,1
DA:49,1
DA:50,1
DA:51,1
DA:52,1
DA:53,1
DA:54,1
DA:55,1
DA:56,1
DA:57,1
DA:58,1
DA:59,1
DA:60,1
DA:61,0
DA:62,0
DA:63,0
DA:64,1
DA:65,1
DA:66,1
DA:67,19
DA:68,1
DA:69,1
DA:70,1
DA:71,20
DA:72,1
DA:73,1
DA:74,1
DA:75,1
DA:76,1
DA:77,1
DA:78,19
DA:79,19
DA:80,19
DA:81,19
DA:82,19
DA:83,19
DA:84,19
DA:85,19
DA:86,19
DA:87,19
DA:88,19
DA:89,19
DA:90,0
DA:91,0
DA:92,0
DA:93,19
DA:94,19
DA:95,1
DA:96,1
DA:97,1
DA:98,19
DA:99,19
DA:100,19
DA:101,19
DA:102,19
DA:103,0
DA:104,0
DA:105,0
DA:106,0
DA:107,0
DA:108,0
DA:109,0
DA:110,19
DA:111,19
DA:112,19
DA:113,19
DA:114,19
DA:115,19
DA:116,0
DA:117,0
DA:118,19
DA:119,1
DA:120,1
DA:121,1
DA:122,19
DA:123,19
DA:124,19
DA:125,19
DA:126,19
DA:127,19
DA:128,19
DA:129,19
DA:130,19
DA:131,19
DA:132,0
DA:133,0
DA:134,0
DA:135,0
DA:136,19
DA:137,1
DA:138,1
DA:139,1
DA:140,9
DA:141,9
DA:142,9
DA:143,9
DA:144,9
DA:145,9
DA:146,9
DA:147,9
DA:148,9
DA:149,9
DA:150,1
DA:151,8
DA:152,9
DA:153,0
DA:154,0
DA:155,9
DA:156,1
DA:157,1
DA:158,1
DA:159,14
DA:160,14
DA:161,14
DA:162,14
DA:163,14
DA:164,14
DA:165,0
DA:166,0
DA:167,0
DA:168,14
DA:169,14
DA:170,14
DA:171,14
DA:172,14
DA:173,14
DA:174,14
DA:175,14
DA:176,14
DA:177,14
DA:178,14
DA:179,14
DA:180,14
DA:181,14
DA:182,14
DA:183,14
DA:184,14
DA:185,14
DA:186,14
DA:187,0
DA:188,0
DA:189,0
DA:190,0
DA:191,0
DA:192,14
DA:193,1
DA:194,1
DA:195,1
DA:196,1
DA:197,1
DA:198,1
DA:199,1
DA:200,1
DA:201,1
DA:202,1
DA:203,1
DA:204,1
DA:205,0
DA:206,1
DA:207,1
DA:208,0
DA:209,0
DA:210,1
DA:211,1
DA:212,1
DA:213,1
DA:214,2
DA:215,2
DA:216,2
DA:217,2
DA:218,2
DA:219,2
DA:220,2
DA:221,2
DA:222,1
DA:223,1
DA:224,1
DA:225,1
DA:226,2
DA:227,1
DA:228,1
DA:229,1
DA:230,3
DA:231,3
DA:232,3
DA:233,3
DA:234,3
DA:235,3
DA:236,3
DA:237,3
DA:238,3
DA:239,3
DA:240,3
DA:241,1
DA:242,1
DA:243,2
DA:244,2
DA:245,2
DA:246,0
DA:247,3
DA:248,0
DA:249,0
DA:250,3
DA:251,1
DA:252,1
DA:253,1
DA:254,1
DA:255,1
DA:256,1
DA:257,1
DA:258,1
DA:259,1
DA:260,1
DA:261,1
DA:262,1
DA:263,1
DA:264,1
DA:265,0
DA:266,0
DA:267,1
DA:268,1
DA:269,1
DA:270,1
DA:271,7
DA:272,7
DA:273,7
DA:274,7
DA:275,7
DA:276,7
DA:277,7
DA:278,7
DA:279,7
DA:280,7
DA:281,0
DA:282,0
DA:283,7
DA:284,1
DA:285,1
DA:286,1
DA:287,0
DA:288,0
DA:289,0
DA:290,0
DA:291,0
DA:292,0
DA:293,0
DA:294,0
DA:295,0
DA:296,0
DA:297,1
DA:298,1
DA:299,1
DA:300,4
DA:301,4
DA:302,4
DA:303,4
DA:304,4
DA:305,4
DA:306,4
DA:307,4
DA:308,4
DA:309,4
DA:310,4
DA:311,4
DA:312,4
DA:313,4
DA:314,4
DA:315,4
DA:316,4
DA:317,4
DA:318,0
DA:319,0
DA:320,0
DA:321,0
DA:322,0
DA:323,0
DA:324,0
DA:325,0
DA:326,0
DA:327,0
DA:328,4
DA:329,4
DA:330,4
DA:331,1
DA:332,1
DA:333,1
DA:334,4
DA:335,4
DA:336,4
DA:337,4
DA:338,4
DA:339,4
DA:340,4
DA:341,4
DA:342,4
DA:343,4
DA:344,4
DA:345,4
DA:346,4
DA:347,4
DA:348,4
DA:349,4
DA:350,4
DA:351,4
DA:352,0
DA:353,0
DA:354,0
DA:355,0
DA:356,0
DA:357,4
DA:358,1
DA:359,1
DA:360,1
DA:361,0
DA:362,0
DA:363,0
DA:364,0
DA:365,0
DA:366,0
DA:367,0
DA:368,0
DA:369,0
DA:370,0
DA:371,0
DA:372,0
DA:373,0
DA:374,0
DA:375,0
DA:376,0
DA:377,0
DA:378,0
DA:379,0
DA:380,0
DA:381,0
DA:382,0
DA:383,1
DA:384,1
DA:385,1
DA:386,0
DA:387,0
DA:388,0
DA:389,0
DA:390,0
DA:391,0
DA:392,0
DA:393,0
DA:394,0
DA:395,0
DA:396,0
DA:397,0
DA:398,0
DA:399,0
DA:400,0
DA:401,0
DA:402,0
DA:403,0
DA:404,0
DA:405,0
DA:406,0
DA:407,0
DA:408,0
DA:409,1
DA:410,1
DA:411,1
DA:412,1
DA:413,1
DA:414,1
DA:415,1
DA:416,1
DA:417,1
DA:418,1
DA:419,1
DA:420,1
DA:421,0
DA:422,0
DA:423,1
DA:424,1
DA:425,1
DA:426,1
DA:427,0
DA:428,0
DA:429,0
DA:430,0
DA:431,0
DA:432,0
DA:433,0
DA:434,0
DA:435,0
DA:436,0
DA:437,0
DA:438,0
DA:439,0
DA:440,0
DA:441,0
DA:442,0
DA:443,0
DA:444,0
DA:445,0
DA:446,0
DA:447,0
DA:448,0
DA:449,0
DA:450,0
DA:451,1
DA:452,1
DA:453,1
DA:454,1
DA:455,1
DA:456,1
DA:457,1
DA:458,1
DA:459,1
DA:460,1
DA:461,1
DA:462,1
DA:463,1
DA:464,1
DA:465,1
DA:466,1
DA:467,0
DA:468,0
DA:469,0
DA:470,0
DA:471,0
DA:472,1
DA:473,1
DA:474,1
DA:475,1
DA:476,1
DA:477,1
DA:478,1
DA:479,1
DA:480,1
DA:481,1
DA:482,0
DA:483,0
DA:484,1
DA:485,1
DA:486,1
DA:487,1
DA:488,0
DA:489,0
DA:490,0
DA:491,0
DA:492,0
DA:493,0
DA:494,0
DA:495,0
DA:496,0
DA:497,0
DA:498,0
DA:499,0
DA:500,0
DA:501,0
DA:502,0
DA:503,0
DA:504,0
DA:505,0
DA:506,0
DA:507,0
DA:508,0
DA:509,0
DA:510,0
DA:511,0
DA:512,0
DA:513,0
DA:514,0
DA:515,1
DA:516,1
DA:517,1
DA:518,0
DA:519,0
DA:520,0
DA:521,0
DA:522,0
DA:523,0
DA:524,0
DA:525,0
DA:526,0
DA:527,0
DA:528,0
DA:529,0
DA:530,0
DA:531,0
DA:532,0
DA:533,0
DA:534,0
DA:535,0
DA:536,0
DA:537,0
DA:538,0
DA:539,0
DA:540,0
DA:541,1
DA:542,1
DA:543,1
DA:544,0
DA:545,0
DA:546,0
DA:547,0
DA:548,0
DA:549,0
DA:550,0
DA:551,0
DA:552,0
DA:553,0
DA:554,0
DA:555,0
DA:556,0
DA:557,0
DA:558,0
DA:559,0
DA:560,0
DA:561,0
DA:562,0
DA:563,0
DA:564,0
DA:565,0
DA:566,1
DA:567,1
DA:568,1
DA:569,2
DA:570,2
DA:571,2
DA:572,2
DA:573,2
DA:574,2
DA:575,2
DA:576,2
DA:577,2
DA:578,2
DA:579,2
DA:580,2
DA:581,2
DA:582,0
DA:583,0
DA:584,0
DA:585,0
DA:586,0
DA:587,2
DA:588,2
DA:589,2
DA:590,2
DA:591,2
DA:592,2
DA:593,2
DA:594,2
DA:595,2
DA:596,2
DA:597,2
DA:598,2
DA:599,2
DA:600,0
DA:601,0
DA:602,2
DA:603,1
DA:604,1
DA:605,1
DA:606,1
DA:607,1
DA:608,1
DA:609,1
DA:610,1
DA:611,1
DA:612,1
DA:613,1
DA:614,1
DA:615,1
DA:616,0
DA:617,0
DA:618,1
DA:619,1
DA:620,1
DA:621,1
DA:622,1
DA:623,1
DA:624,1
DA:625,1
DA:626,1
DA:627,1
DA:628,1
DA:629,1
DA:630,1
DA:631,0
DA:632,0
DA:633,1
DA:634,1
DA:635,1
DA:636,1
DA:637,0
DA:638,0
DA:639,0
DA:640,0
DA:641,0
DA:642,0
DA:643,0
DA:644,0
DA:645,0
DA:646,0
DA:647,0
DA:648,0
DA:649,0
DA:650,0
DA:651,1
DA:652,1
DA:653,1
DA:654,8
DA:655,8
DA:656,8
DA:657,8
DA:658,8
DA:659,8
DA:660,8
DA:661,8
DA:662,8
DA:663,8
DA:664,8
DA:665,8
DA:666,8
DA:667,2
DA:668,6
DA:669,8
DA:670,0
DA:671,0
DA:672,8
DA:673,1
DA:674,1
DA:675,1
DA:676,2
DA:677,2
DA:678,2
DA:679,2
DA:680,2
DA:681,2
DA:682,2
DA:683,2
DA:684,0
DA:685,0
DA:686,2
DA:687,1
DA:688,1
DA:689,1
DA:690,2
DA:691,2
DA:692,2
DA:693,2
DA:694,2
DA:695,2
DA:696,2
DA:697,2
DA:698,2
DA:699,1
DA:700,1
DA:701,2
DA:702,0
DA:703,0
DA:704,2
DA:705,1
DA:706,1
DA:707,1
DA:708,2
DA:709,2
DA:710,2
DA:711,2
DA:712,2
DA:713,2
DA:714,2
DA:715,2
DA:716,2
DA:717,2
DA:718,2
DA:719,1
DA:720,1
DA:721,2
DA:722,0
DA:723,0
DA:724,2
DA:725,1
DA:726,1
DA:727,1
DA:728,5
DA:729,5
DA:730,5
DA:731,5
DA:732,5
DA:733,5
DA:734,5
DA:735,5
DA:736,5
DA:737,5
DA:738,5
DA:739,5
DA:740,1
DA:741,1
DA:742,5
DA:743,0
DA:744,0
DA:745,5
DA:746,5
DA:747,5
DA:748,5
DA:749,5
DA:750,5
DA:751,5
DA:752,5
DA:753,5
DA:754,1
DA:755,4
DA:756,5
DA:757,0
DA:758,0
DA:759,5
DA:760,1
DA:761,1
DA:762,1
DA:763,2
DA:764,2
DA:765,2
DA:766,2
DA:767,2
DA:768,2
DA:769,2
DA:770,2
DA:771,2
DA:772,2
DA:773,2
DA:774,2
DA:775,8
DA:776,8
DA:777,2
DA:778,2
DA:779,0
DA:780,0
DA:781,2
DA:782,1
DA:783,1
DA:784,1
DA:785,0
DA:786,0
DA:787,0
DA:788,0
DA:789,0
DA:790,0
DA:791,0
DA:792,0
DA:793,0
DA:794,0
DA:795,0
DA:796,0
DA:797,0
DA:798,0
DA:799,0
DA:800,0
DA:801,0
DA:802,0
DA:803,0
DA:804,0
DA:805,0
DA:806,0
DA:807,0
DA:808,0
DA:809,0
DA:810,0
DA:811,0
DA:812,0
DA:813,0
DA:814,0
DA:815,0
DA:816,0
DA:817,0
DA:818,0
DA:819,0
DA:820,0
DA:821,0
DA:822,1
DA:823,1
DA:824,1
DA:825,19
DA:826,19
DA:827,19
DA:828,19
DA:829,19
DA:830,19
DA:831,19
DA:832,19
DA:833,19
DA:834,4
DA:835,19
DA:836,19
DA:837,0
DA:838,19
DA:839,19
DA:840,19
DA:841,0
DA:842,19
DA:843,1
DA:844,19
DA:845,0
DA:846,19
DA:847,19
DA:848,2
DA:849,19
DA:850,19
DA:851,19
DA:852,19
DA:853,19
DA:854,19
DA:855,19
DA:856,19
DA:857,19
DA:858,19
DA:859,19
DA:860,19
DA:861,0
DA:862,0
DA:863,19
DA:864,19
DA:865,19
DA:866,19
DA:867,19
DA:868,0
DA:869,19
DA:870,19
LF:870
LH:574
BRDA:4,0,0,605
BRDA:66,1,0,19
BRDA:70,2,0,20
BRDA:74,3,0,35
BRDA:77,4,0,19
BRDA:82,5,0,0
BRDA:88,6,0,19
BRDA:97,7,0,19
BRDA:102,8,0,0
BRDA:115,9,0,0
BRDA:121,10,0,19
BRDA:131,11,0,0
BRDA:139,12,0,9
BRDA:149,13,0,1
BRDA:150,14,0,8
BRDA:152,15,0,0
BRDA:158,16,0,14
BRDA:164,17,0,0
BRDA:186,18,0,0
BRDA:195,19,0,1
BRDA:204,20,0,0
BRDA:207,21,0,0
BRDA:213,22,0,2
BRDA:221,23,0,1
BRDA:229,24,0,3
BRDA:240,25,0,2
BRDA:240,26,0,1
BRDA:245,27,0,0
BRDA:247,28,0,0
BRDA:253,29,0,1
BRDA:264,30,0,0
BRDA:270,31,0,7
BRDA:279,32,0,0
BRDA:280,33,0,0
BRDA:299,34,0,4
BRDA:310,35,0,0
BRDA:316,36,0,0
BRDA:317,37,0,0
BRDA:333,38,0,4
BRDA:345,39,0,3
BRDA:348,40,0,3
BRDA:351,41,0,0
BRDA:411,42,0,1
BRDA:420,43,0,0
BRDA:453,44,0,1
BRDA:464,45,0,0
BRDA:466,46,0,0
BRDA:481,47,0,0
BRDA:568,48,0,2
BRDA:579,49,0,0
BRDA:581,50,0,0
BRDA:599,51,0,0
BRDA:605,52,0,1
BRDA:614,53,0,0
BRDA:615,54,0,0
BRDA:621,55,0,1
BRDA:630,56,0,0
BRDA:653,57,0,8
BRDA:660,58,0,6
BRDA:660,59,0,2
BRDA:666,60,0,2
BRDA:667,61,0,6
BRDA:669,62,0,0
BRDA:675,63,0,2
BRDA:683,64,0,0
BRDA:689,65,0,2
BRDA:698,66,0,1
BRDA:701,67,0,0
BRDA:707,68,0,2
BRDA:718,69,0,1
BRDA:721,70,0,0
BRDA:727,71,0,5
BRDA:739,72,0,1
BRDA:742,73,0,0
BRDA:753,74,0,1
BRDA:754,75,0,4
BRDA:756,76,0,0
BRDA:762,77,0,2
BRDA:774,78,0,8
BRDA:778,79,0,0
BRDA:824,80,0,19
BRDA:829,81,0,14
BRDA:830,82,0,2
BRDA:831,83,0,3
BRDA:832,84,0,1
BRDA:833,85,0,4
BRDA:838,86,0,3
BRDA:839,87,0,1
BRDA:842,88,0,1
BRDA:847,89,0,2
BRDA:849,90,0,1
BRDA:850,91,0,1
BRDA:852,92,0,6
BRDA:853,93,0,2
BRDA:854,94,0,2
BRDA:855,95,0,19
BRDA:860,96,0,0
BRDA:864,97,0,2
BRDA:865,98,0,2
BRDA:866,99,0,5
BRDA:869,100,0,2
BRF:101
BRH:65
end_of_record
TN:
SF:src/migrate.ts
FN:3,__name
FNF:1
FNH:1
FNDA:21,__name
DA:1,1
DA:2,1
DA:3,1
DA:4,1
DA:5,1
DA:6,1
DA:7,1
DA:8,1
DA:9,1
DA:10,1
DA:11,1
DA:12,1
DA:13,1
DA:14,1
DA:15,1
DA:16,1
DA:17,1
DA:18,1
DA:19,1
DA:20,1
DA:21,1
DA:22,1
DA:23,1
DA:24,1
DA:25,1
DA:26,1
DA:27,1
DA:28,19
DA:29,19
DA:30,19
DA:31,19
DA:32,19
DA:33,19
DA:34,19
DA:35,19
DA:36,1
DA:37,1
DA:38,1
DA:39,19
DA:40,19
DA:41,19
DA:42,19
DA:43,1
DA:44,1
DA:45,1
DA:46,19
DA:47,19
DA:48,1
DA:49,1
DA:50,1
DA:51,19
DA:52,19
DA:53,19
DA:54,19
DA:55,1
DA:56,1
DA:57,1
DA:58,1
DA:59,19
DA:60,19
DA:61,19
DA:62,19
DA:63,0
DA:64,0
DA:65,0
DA:66,0
DA:67,0
DA:68,0
DA:69,0
DA:70,19
DA:71,1
DA:72,1
DA:73,1
DA:74,0
DA:75,0
DA:76,0
DA:77,0
DA:78,0
DA:79,1
DA:80,1
DA:81,1
DA:82,19
DA:83,19
DA:84,19
DA:85,19
DA:86,19
DA:87,19
DA:88,19
DA:89,19
DA:90,19
DA:91,19
DA:92,19
DA:93,19
DA:94,19
LF:94
LH:82
BRDA:3,0,0,21
BRDA:27,1,0,19
BRDA:33,2,0,0
BRDA:38,3,0,19
BRDA:40,4,0,28614
BRDA:45,5,0,19
BRDA:50,6,0,19
BRDA:58,7,0,19
BRDA:62,8,0,0
BRDA:81,9,0,19
BRDA:87,10,0,0
BRDA:89,11,0,0
BRDA:85,12,0,38
BRF:13
BRH:9
end_of_record
