TN:
SF:src/config.ts
FN:3,__name
FNF:1
FNH:1
FNDA:2,__name
DA:1,1
DA:2,1
DA:3,1
DA:4,1
DA:5,1
DA:6,1
DA:7,1
DA:8,1
DA:9,1
DA:10,1
DA:11,1
DA:12,1
DA:13,1
DA:14,1
DA:15,1
DA:16,1
DA:17,1
DA:18,1
DA:19,1
DA:20,1
DA:21,1
DA:22,1
DA:23,1
DA:24,1
DA:25,1
DA:26,1
DA:27,1
DA:28,1
DA:29,1
DA:30,1
DA:31,1
DA:32,1
DA:33,1
DA:34,1
DA:35,1
DA:36,1
DA:37,1
DA:38,1
DA:39,1
DA:40,6
DA:41,6
DA:42,6
DA:43,6
DA:44,6
DA:45,6
DA:46,6
DA:47,1
DA:48,1
DA:49,1
DA:50,1
DA:51,1
DA:52,6
DA:53,6
DA:54,1
DA:55,1
DA:56,1
DA:57,1
DA:58,10
DA:59,10
DA:60,10
DA:61,2
DA:62,2
DA:63,10
DA:64,10
DA:65,1
DA:66,1
DA:67,10
DA:68,10
DA:69,1
DA:70,1
DA:71,10
DA:72,10
DA:73,10
DA:74,10
DA:75,10
DA:76,10
DA:77,10
DA:78,10
LF:78
LH:78
BRDA:3,0,0,2
BRDA:39,1,0,6
BRDA:46,2,0,1
BRDA:57,3,0,10
BRDA:60,4,0,9
BRDA:60,5,0,2
BRDA:63,6,0,8
BRDA:64,7,0,7
BRDA:64,8,0,1
BRDA:67,9,0,7
BRDA:68,10,0,6
BRDA:68,11,0,1
BRDA:71,12,0,6
BRDA:71,13,0,5
BRF:14
BRH:14
end_of_record
TN:
SF:src/crypto.ts
FN:6,__name
FNF:1
FNH:1
FNDA:12,__name
DA:1,1
DA:2,1
DA:3,1
DA:4,1
DA:5,1
DA:6,12
DA:7,1
DA:8,1
DA:9,1
DA:10,1
DA:11,1
DA:12,1
DA:13,1
DA:14,1
DA:15,1
DA:16,1
DA:17,1
DA:18,1
DA:19,1
DA:20,1
DA:21,1
DA:22,1
DA:23,1
DA:24,1
DA:25,1
DA:26,1
DA:27,1
DA:28,1
DA:29,1
DA:30,1
DA:31,1
DA:32,1
DA:33,1
DA:34,1
DA:35,1
DA:36,1
DA:37,1
DA:38,1
DA:39,1
DA:40,1
DA:41,1
DA:42,1
DA:43,1
DA:44,1
DA:45,1
DA:46,1
DA:47,1
DA:48,1
DA:49,1
DA:50,1
DA:51,1
DA:52,1
DA:53,1
DA:54,1
DA:55,1
DA:56,1
DA:57,1
DA:58,1
DA:59,1
DA:60,1
DA:61,1
DA:62,1
DA:63,1
DA:64,1
DA:65,1
DA:66,1
DA:67,1
DA:68,1
DA:69,1
DA:70,1
DA:71,1
DA:72,1
DA:73,1
DA:74,47
DA:75,47
DA:76,47
DA:77,47
DA:78,47
DA:79,47
DA:80,47
DA:81,47
DA:82,47
DA:83,47
DA:84,47
DA:85,47
DA:86,1
DA:87,1
DA:88,1
DA:89,1
DA:90,41
DA:91,41
DA:92,41
DA:93,41
DA:94,41
DA:95,41
DA:96,41
DA:97,41
DA:98,41
DA:99,41
DA:100,41
DA:101,41
DA:102,41
DA:103,41
DA:104,41
DA:105,41
DA:106,41
DA:107,41
DA:108,1
DA:109,1
DA:110,1
DA:111,32
DA:112,32
DA:113,32
DA:114,32
DA:115,32
DA:116,32
DA:117,1
DA:118,1
DA:119,32
DA:120,31
DA:121,31
DA:122,31
DA:123,32
DA:124,1
DA:125,1
DA:126,32
DA:127,30
DA:128,30
DA:129,30
DA:130,30
DA:131,30
DA:132,30
DA:133,30
DA:134,32
DA:135,2
DA:136,2
DA:137,32
LF:137
LH:137
BRDA:6,0,0,12
BRDA:73,1,0,47
BRDA:89,2,0,41
BRDA:110,3,0,32
BRDA:116,4,0,1
BRDA:119,5,0,31
BRDA:123,6,0,1
BRDA:126,7,0,30
BRDA:134,8,0,2
BRDA:122,9,0,32
BRF:10
BRH:10
end_of_record
TN:
SF:src/encryption-middleware.ts
FN:17,__name
FNF:1
FNH:1
FNDA:516,__name
DA:1,1
DA:2,1
DA:3,1
DA:4,1
DA:5,1
DA:6,1
DA:7,1
DA:8,1
DA:9,1
DA:10,1
DA:11,1
DA:12,1
DA:13,1
DA:14,1
DA:15,1
DA:16,1
DA:17,1
DA:18,1
DA:19,1
DA:20,1
DA:21,1
DA:22,1
DA:23,1
DA:24,1
DA:25,1
DA:26,1
DA:27,7
DA:28,7
DA:29,7
DA:30,7
DA:31,1
DA:32,1
DA:33,1
DA:34,11
DA:35,11
DA:36,11
DA:37,11
DA:38,11
DA:39,11
DA:40,1
DA:41,1
DA:42,1
DA:43,14
DA:44,14
DA:45,14
DA:46,1
DA:47,1
DA:48,1
DA:49,11
DA:50,11
DA:51,11
DA:52,11
DA:53,11
DA:54,11
DA:55,0
DA:56,11
DA:57,1
DA:58,1
DA:59,1
DA:60,7
DA:61,7
DA:62,7
DA:63,7
DA:64,7
DA:65,7
DA:66,7
DA:67,0
DA:68,7
DA:69,1
DA:70,1
DA:71,1
DA:72,6
DA:73,6
DA:74,6
DA:75,6
DA:76,6
DA:77,6
DA:78,0
DA:79,6
DA:80,1
DA:81,1
DA:82,1
DA:83,4
DA:84,4
DA:85,4
DA:86,4
DA:87,4
DA:88,4
DA:89,4
DA:90,4
DA:91,4
DA:92,4
DA:93,4
DA:94,4
DA:95,0
DA:96,4
DA:97,1
DA:98,1
DA:99,1
DA:100,7
DA:101,7
DA:102,7
DA:103,7
DA:104,7
DA:105,7
DA:106,10
DA:107,10
DA:108,10
DA:109,10
DA:110,7
DA:111,7
DA:112,1
DA:113,1
DA:114,1
DA:115,1
DA:116,18
DA:117,18
DA:118,18
DA:119,18
DA:120,1
DA:121,1
DA:122,1
DA:123,14
DA:124,14
DA:125,14
DA:126,14
DA:127,14
DA:128,14
DA:129,14
DA:130,14
DA:131,1
DA:132,1
DA:133,1
DA:134,1
DA:135,19
DA:136,19
DA:137,19
DA:138,19
DA:139,19
DA:140,19
DA:141,19
DA:142,19
DA:143,19
DA:144,7
DA:145,7
DA:146,7
DA:147,7
DA:148,7
DA:149,19
DA:150,19
DA:151,19
DA:152,2
DA:153,2
DA:154,2
DA:155,2
DA:156,19
DA:157,1
DA:158,1
DA:159,1
DA:160,1
DA:161,1
DA:162,19
DA:163,19
DA:164,7
DA:165,19
DA:166,4
DA:167,4
DA:168,4
DA:169,4
DA:170,4
DA:171,19
DA:172,19
DA:173,6
DA:174,6
DA:175,6
DA:176,6
DA:177,6
DA:178,6
DA:179,19
DA:180,2
DA:181,2
DA:182,2
DA:183,2
DA:184,19
DA:185,1
DA:186,1
DA:187,1
DA:188,1
DA:189,1
DA:190,19
DA:191,1
DA:192,1
DA:193,1
DA:194,1
DA:195,1
DA:196,19
DA:197,19
DA:198,19
DA:199,19
DA:200,19
DA:201,19
DA:202,19
DA:203,19
DA:204,2
DA:205,19
DA:206,19
LF:206
LH:202
BRDA:17,0,0,516
BRDA:26,1,0,7
BRDA:30,2,0,6
BRDA:30,3,0,1
BRDA:33,4,0,11
BRDA:37,5,0,1
BRDA:38,6,0,10
BRDA:42,7,0,14
BRDA:48,8,0,11
BRDA:54,9,0,0
BRDA:59,10,0,7
BRDA:63,11,0,0
BRDA:66,12,0,0
BRDA:71,13,0,6
BRDA:77,14,0,0
BRDA:82,15,0,4
BRDA:87,16,0,0
BRDA:94,17,0,0
BRDA:99,18,0,7
BRDA:105,19,0,10
BRDA:107,20,0,0
BRDA:115,21,0,18
BRDA:118,22,0,0
BRDA:122,23,0,14
BRDA:128,24,0,0
BRDA:134,25,0,19
BRDA:143,26,0,7
BRDA:151,27,0,2
BRDA:153,28,0,0
BRDA:156,29,0,1
BRDA:159,30,0,1
BRDA:163,31,0,7
BRDA:165,32,0,4
BRDA:168,33,0,4
BRDA:172,34,0,6
BRDA:179,35,0,2
BRDA:181,36,0,0
BRDA:184,37,0,1
BRDA:187,38,0,1
BRDA:190,39,0,1
BRDA:193,40,0,1
BRDA:203,41,0,2
BRF:42
BRH:31
end_of_record
